  Bank.cpp
  Card.cpp
  CircularList.cpp
  City.cpp
  Deck.cpp
  DevelopmentCard.cpp
  Dice.cpp
C:\Users\monge\source\repos\Catan\sfmlCatan1\Dice.cpp(18,23): warning C4244: 'argument': conversion from 'time_t' to 'unsigned int', possible loss of data
  Figure.cpp
  Land.cpp
  Node.cpp
  Number.cpp
  Partida.cpp
  Piece.cpp
C:\Users\monge\source\repos\Catan\sfmlCatan1\Piece.h(10,6): warning C4200: nonstandard extension used: zero-sized array in struct/union
C:\Users\monge\source\repos\Catan\sfmlCatan1\Piece.h(10,6): message : This member will be ignored by a defaulted constructor or copy/move assignment operator
  Player.cpp
  ResourceCard.cpp
  SpecialCard.cpp
  StartWindow.cpp
C:\Users\monge\source\repos\Catan\sfmlCatan1\StartWindow.cpp(17,40): warning C4244: 'argument': conversion from 'int' to 'float', possible loss of data
C:\Users\monge\source\repos\Catan\sfmlCatan1\StartWindow.cpp(81,72): warning C4244: 'argument': conversion from 'T' to 'float', possible loss of data
          with
          [
              T=unsigned int
          ]
C:\Users\monge\source\repos\Catan\sfmlCatan1\StartWindow.cpp(81,48): warning C4244: 'argument': conversion from 'T' to 'float', possible loss of data
          with
          [
              T=unsigned int
          ]
C:\Users\monge\source\repos\Catan\sfmlCatan1\StartWindow.cpp(232,48): warning C4244: 'argument': conversion from 'int' to 'T', possible loss of data
          with
          [
              T=float
          ]
C:\Users\monge\source\repos\Catan\sfmlCatan1\StartWindow.cpp(232,45): warning C4244: 'argument': conversion from 'int' to 'T', possible loss of data
          with
          [
              T=float
          ]
C:\Users\monge\source\repos\Catan\sfmlCatan1\StartWindow.cpp(252,35): warning C4244: 'argument': conversion from 'int' to 'T', possible loss of data
          with
          [
              T=float
          ]
C:\Users\monge\source\repos\Catan\sfmlCatan1\StartWindow.cpp(258,35): warning C4244: 'argument': conversion from 'int' to 'T', possible loss of data
          with
          [
              T=float
          ]
C:\Users\monge\source\repos\Catan\sfmlCatan1\StartWindow.cpp(276,34): warning C4244: 'argument': conversion from 'int' to 'T', possible loss of data
          with
          [
              T=float
          ]
C:\Users\monge\source\repos\Catan\sfmlCatan1\StartWindow.cpp(436,19): warning C4244: 'argument': conversion from 'time_t' to 'unsigned int', possible loss of data
C:\Users\monge\source\repos\Catan\sfmlCatan1\StartWindow.cpp(448,123): warning C4244: 'argument': conversion from 'int' to 'T', possible loss of data
          with
          [
              T=float
          ]
C:\Users\monge\source\repos\Catan\sfmlCatan1\StartWindow.cpp(448,95): warning C4244: 'argument': conversion from 'int' to 'T', possible loss of data
          with
          [
              T=float
          ]
C:\Users\monge\source\repos\Catan\sfmlCatan1\StartWindow.cpp(492,77): warning C4244: 'argument': conversion from 'int' to 'T', possible loss of data
          with
          [
              T=float
          ]
C:\Users\monge\source\repos\Catan\sfmlCatan1\StartWindow.cpp(492,56): warning C4244: 'argument': conversion from 'int' to 'T', possible loss of data
          with
          [
              T=float
          ]
C:\Users\monge\source\repos\Catan\sfmlCatan1\StartWindow.cpp(500,83): warning C4244: 'argument': conversion from 'int' to 'T', possible loss of data
          with
          [
              T=float
          ]
C:\Users\monge\source\repos\Catan\sfmlCatan1\StartWindow.cpp(500,66): warning C4244: 'argument': conversion from 'int' to 'T', possible loss of data
          with
          [
              T=float
          ]
  Street.cpp
  Thief.cpp
  Town.cpp
  Generating Code...
  Compiling...
  sfmlCatan1.cpp
  Generating Code...
  sfmlCatan1.vcxproj -> C:\Users\monge\source\repos\Catan\x64\Debug\sfmlCatan1.exe
